<?xml version="1.0" encoding="UTF-8"?>
<!-- Generated by org.testng.reporters.JUnitReportReporter -->
<testsuite hostname="DESKTOP-7RJRRG5" failures="0" tests="1" name="com.edepoze.reseller.test.scenarios.Reseller_Login" time="15.421" errors="0" timestamp="2023-03-23T17:43:45 IST" skipped="0">
  <testcase classname="com.edepoze.reseller.test.scenarios.Reseller_Login" name="Resellerlogin" time="15.421"/>
  <system-out/>
</testsuite> <!-- com.edepoze.reseller.test.scenarios.Reseller_Login -->
