<?xml version="1.0" encoding="UTF-8"?>
<!-- Generated by org.testng.reporters.JUnitReportReporter -->
<testsuite hostname="DESKTOP-FS5EEFC" failures="0" tests="1" name="com.edepoze.client.test.scenarios.Client_Zoom_Mediation_Session" time="93.695" errors="0" timestamp="2023-03-24T16:19:10 IST" skipped="0">
  <testcase classname="com.edepoze.client.test.scenarios.Client_Zoom_Mediation_Session" name="ZoomMediationSession" time="93.695"/>
  <system-out/>
</testsuite> <!-- com.edepoze.client.test.scenarios.Client_Zoom_Mediation_Session -->
