<?xml version="1.0" encoding="UTF-8"?>
<!-- Generated by org.testng.reporters.JUnitReportReporter -->
<testsuite hostname="DESKTOP-7RJRRG5" failures="0" tests="1" name="com.edepoze.client.test.scenarios.Client_Login" time="13.803" errors="0" timestamp="2023-03-23T11:30:59 IST" skipped="0">
  <testcase classname="com.edepoze.client.test.scenarios.Client_Login" name="Clientlogin" time="13.803"/>
  <system-out/>
</testsuite> <!-- com.edepoze.client.test.scenarios.Client_Login -->
