<?xml version="1.0" encoding="UTF-8"?>
<!-- Generated by org.testng.reporters.JUnitReportReporter -->
<testsuite hostname="DESKTOP-7RJRRG5" failures="0" tests="1" name="com.edepoze.reseller.test.scenarios.Reseller_Client_Mail_Password_Setup" time="39.100" errors="0" timestamp="2023-03-17T11:24:08 IST" skipped="0">
  <testcase classname="com.edepoze.reseller.test.scenarios.Reseller_Client_Mail_Password_Setup" name="PasswordSetup" time="39.100"/>
  <system-out/>
</testsuite> <!-- com.edepoze.reseller.test.scenarios.Reseller_Client_Mail_Password_Setup -->
