<?xml version="1.0" encoding="UTF-8"?>
<!-- Generated by org.testng.reporters.JUnitReportReporter -->
<testsuite hostname="DESKTOP-FS5EEFC" failures="0" tests="1" name="com.edepoze.client.test.scenarios.Client_Add_New_Case" time="36.522" errors="0" timestamp="2023-03-24T10:35:14 IST" skipped="0">
  <testcase classname="com.edepoze.client.test.scenarios.Client_Add_New_Case" name="ClientAddNewCase" time="36.522"/>
  <system-out/>
</testsuite> <!-- com.edepoze.client.test.scenarios.Client_Add_New_Case -->
