<?xml version="1.0" encoding="UTF-8"?>
<!-- Generated by org.testng.reporters.JUnitReportReporter -->
<testsuite hostname="DESKTOP-7RJRRG5" failures="0" tests="1" name="com.edepoze.reseller.test.scenarios.Reseller_Add_Client" time="47.708" errors="0" timestamp="2023-03-17T11:22:22 IST" skipped="0">
  <testcase classname="com.edepoze.reseller.test.scenarios.Reseller_Add_Client" name="AddClient" time="47.708"/>
  <system-out/>
</testsuite> <!-- com.edepoze.reseller.test.scenarios.Reseller_Add_Client -->
