<?xml version="1.0" encoding="UTF-8"?>
<!-- Generated by org.testng.reporters.JUnitReportReporter -->
<testsuite hostname="DESKTOP-7RJRRG5" failures="0" tests="1" name="com.edepoze.reseller.test.scenarios.Reseller_Add_Enterprise" time="55.532" errors="0" timestamp="2022-11-09T16:09:33 IST" skipped="0">
  <testcase classname="com.edepoze.reseller.test.scenarios.Reseller_Add_Enterprise" name="AddEnterpriseClient" time="55.532"/>
  <system-out/>
</testsuite> <!-- com.edepoze.reseller.test.scenarios.Reseller_Add_Enterprise -->
