<?xml version="1.0" encoding="UTF-8"?>
<!-- Generated by org.testng.reporters.JUnitReportReporter -->
<testsuite hostname="DESKTOP-FS5EEFC" failures="0" tests="1" name="com.edepoze.client.test.scenarios.Client_Zoom_ArbitrationSession_Creation" time="68.058" errors="0" timestamp="2023-03-24T15:42:46 IST" skipped="0">
  <testcase classname="com.edepoze.client.test.scenarios.Client_Zoom_ArbitrationSession_Creation" name="ZoomArbitrationSessionCreation" time="68.058"/>
  <system-out/>
</testsuite> <!-- com.edepoze.client.test.scenarios.Client_Zoom_ArbitrationSession_Creation -->
