<?xml version="1.0" encoding="UTF-8"?>
<!-- Generated by org.testng.reporters.JUnitReportReporter -->
<testsuite hostname="DESKTOP-7RJRRG5" failures="0" tests="1" name="com.edepoze.client.test.scenarios.Client_Home_Page_Sorting" time="16.698" errors="0" timestamp="2023-01-04T13:19:13 IST" skipped="0">
  <testcase classname="com.edepoze.client.test.scenarios.Client_Home_Page_Sorting" name="ClientHomePageSorting" time="16.698"/>
  <system-out/>
</testsuite> <!-- com.edepoze.client.test.scenarios.Client_Home_Page_Sorting -->
