<?xml version="1.0" encoding="UTF-8"?>
<!-- Generated by org.testng.reporters.JUnitReportReporter -->
<testsuite hostname="DESKTOP-7RJRRG5" failures="0" tests="1" name="com.edepoze.webapp.test.scenarios.Validating_Client_Case_Session_Folders_And_Member_Case_Sessions_Folders_Same_Or_Not" time="26.369" errors="0" timestamp="2023-01-04T13:19:13 IST" skipped="0">
  <testcase classname="com.edepoze.webapp.test.scenarios.Validating_Client_Case_Session_Folders_And_Member_Case_Sessions_Folders_Same_Or_Not" name="ValidatingClientCaseSessionFoldersAndMemberCaseSessionsFoldersSameOrNot" time="26.369"/>
  <system-out/>
</testsuite> <!-- com.edepoze.webapp.test.scenarios.Validating_Client_Case_Session_Folders_And_Member_Case_Sessions_Folders_Same_Or_Not -->
