<?xml version="1.0" encoding="UTF-8"?>
<!-- Generated by org.testng.reporters.JUnitReportReporter -->
<testsuite hostname="DESKTOP-7RJRRG5" failures="0" tests="1" name="com.edepoze.client.test.scenarios.Client_Non_Zoom_MediationSession_Creation" time="54.548" errors="0" timestamp="2023-01-04T13:19:13 IST" skipped="0">
  <testcase classname="com.edepoze.client.test.scenarios.Client_Non_Zoom_MediationSession_Creation" name="NonZoomMediationSessionCreation" time="54.548"/>
  <system-out/>
</testsuite> <!-- com.edepoze.client.test.scenarios.Client_Non_Zoom_MediationSession_Creation -->
