<?xml version="1.0" encoding="UTF-8"?>
<!-- Generated by org.testng.reporters.JUnitReportReporter -->
<testsuite hostname="DESKTOP-7RJRRG5" failures="0" tests="1" name="com.edepoze.webapp.test.scenarios.Member_Case_Sessions_Folders_Sorting" time="20.348" errors="0" timestamp="2023-01-04T13:19:13 IST" skipped="0">
  <testcase classname="com.edepoze.webapp.test.scenarios.Member_Case_Sessions_Folders_Sorting" name="MemberCaseSessionsFoldersSorting" time="20.348"/>
  <system-out/>
</testsuite> <!-- com.edepoze.webapp.test.scenarios.Member_Case_Sessions_Folders_Sorting -->
