<?xml version="1.0" encoding="UTF-8"?>
<!-- Generated by org.testng.reporters.JUnitReportReporter -->
<testsuite hostname="DESKTOP-7RJRRG5" failures="0" tests="1" name="com.edepoze.utilitifiles.AutomationReport" time="84.379" errors="0" timestamp="2022-11-09T16:30:52 IST" skipped="0">
  <testcase classname="com.edepoze.utilitifiles.AutomationReport" name="report" time="84.379"/>
  <system-out/>
</testsuite> <!-- com.edepoze.utilitifiles.AutomationReport -->
