<?xml version="1.0" encoding="UTF-8"?>
<!-- Generated by org.testng.reporters.JUnitReportReporter -->
<testsuite hostname="DESKTOP-FS5EEFC" failures="0" tests="1" name="com.edepoze.client.test.scenarios.Client_Non_Zoom_ArbitrationSession_Creation" time="56.261" errors="0" timestamp="2023-03-24T15:31:28 IST" skipped="0">
  <testcase classname="com.edepoze.client.test.scenarios.Client_Non_Zoom_ArbitrationSession_Creation" name="NonZoomArbitrationSessionCreation" time="56.261"/>
  <system-out/>
</testsuite> <!-- com.edepoze.client.test.scenarios.Client_Non_Zoom_ArbitrationSession_Creation -->
