<?xml version="1.0" encoding="UTF-8"?>
<!-- Generated by org.testng.reporters.JUnitReportReporter -->
<testsuite hostname="DESKTOP-7RJRRG5" failures="0" tests="1" name="com.edepoze.client.test.scenarios.Client_Add_Multiple_Folders_For_CaseFolder_Validation" time="104.531" errors="0" timestamp="2023-01-04T13:19:13 IST" skipped="0">
  <testcase classname="com.edepoze.client.test.scenarios.Client_Add_Multiple_Folders_For_CaseFolder_Validation" name="AddMultipleFoldersForCaseFolderValidation" time="104.531"/>
  <system-out/>
</testsuite> <!-- com.edepoze.client.test.scenarios.Client_Add_Multiple_Folders_For_CaseFolder_Validation -->
