<?xml version="1.0" encoding="UTF-8"?>
<!-- Generated by org.testng.reporters.JUnitReportReporter -->
<testsuite hostname="DESKTOP-7RJRRG5" failures="0" tests="1" name="com.edepoze.webapp.test.scenarios.WebApp_Member_Login" time="18.354" errors="0" timestamp="2023-01-09T12:10:55 IST" skipped="0">
  <testcase classname="com.edepoze.webapp.test.scenarios.WebApp_Member_Login" name="Memberlogin" time="18.354"/>
  <system-out/>
</testsuite> <!-- com.edepoze.webapp.test.scenarios.WebApp_Member_Login -->
