<?xml version="1.0" encoding="UTF-8"?>
<!-- Generated by org.testng.reporters.JUnitReportReporter -->
<testsuite hostname="DESKTOP-7RJRRG5" failures="0" tests="1" name="com.edepoze.webapp.test.scenarios.Validating_Client_And_Member_Cases_Same_Or_Not" time="16.805" errors="0" timestamp="2023-01-04T13:19:13 IST" skipped="0">
  <testcase classname="com.edepoze.webapp.test.scenarios.Validating_Client_And_Member_Cases_Same_Or_Not" name="ValidatingClientAndMemberCasesSameOrNot" time="16.805"/>
  <system-out/>
</testsuite> <!-- com.edepoze.webapp.test.scenarios.Validating_Client_And_Member_Cases_Same_Or_Not -->
