<?xml version="1.0" encoding="UTF-8"?>
<!-- Generated by org.testng.reporters.JUnitReportReporter -->
<testsuite hostname="DESKTOP-7RJRRG5" failures="0" tests="1" name="com.edepoze.client.test.scenarios.Client_Zoom_ArbitrationSession_Creation" time="69.641" errors="0" timestamp="2023-03-23T12:56:14 IST" skipped="0">
  <testcase classname="com.edepoze.client.test.scenarios.Client_Zoom_ArbitrationSession_Creation" name="ZoomArbitrationSessionCreation" time="69.641"/>
  <system-out/>
</testsuite> <!-- com.edepoze.client.test.scenarios.Client_Zoom_ArbitrationSession_Creation -->
