<?xml version="1.0" encoding="UTF-8"?>
<!-- Generated by org.testng.reporters.JUnitReportReporter -->
<testsuite hostname="DESKTOP-7RJRRG5" failures="0" tests="1" name="com.edepoze.client.test.scenarios.MailValidation" time="17.565" errors="0" timestamp="2023-01-04T10:56:32 IST" skipped="0">
  <testcase classname="com.edepoze.client.test.scenarios.MailValidation" name="Mailvalidation" time="17.565"/>
  <system-out/>
</testsuite> <!-- com.edepoze.client.test.scenarios.MailValidation -->
